<?xml version="1.0" encoding="UTF-8"?>
<testsuite xmlns:xsi="http://www.w3.org/2001/XMLSchema-instance" xsi:noNamespaceSchemaLocation="https://maven.apache.org/surefire/maven-surefire-plugin/xsd/surefire-test-report.xsd" name="br.com.looplex.dao.user.TestUserDaoImpl" time="2.535" tests="20" errors="0" skipped="0" failures="0">
  <properties>
    <property name="awt.toolkit" value="sun.awt.X11.XToolkit"/>
    <property name="file.encoding.pkg" value="sun.io"/>
    <property name="java.specification.version" value="1.8"/>
    <property name="sun.cpu.isalist" value=""/>
    <property name="sun.jnu.encoding" value="UTF-8"/>
    <property name="java.class.path" value="/home/ivo/Documents/elasticsearch_UserDAO/target/test-classes:/home/ivo/Documents/elasticsearch_UserDAO/target/classes:/home/ivo/.m2/repository/org/springframework/spring-web/5.2.4.RELEASE/spring-web-5.2.4.RELEASE.jar:/home/ivo/.m2/repository/org/springframework/spring-beans/5.2.4.RELEASE/spring-beans-5.2.4.RELEASE.jar:/home/ivo/.m2/repository/org/springframework/spring-core/5.2.4.RELEASE/spring-core-5.2.4.RELEASE.jar:/home/ivo/.m2/repository/org/springframework/spring-jcl/5.2.4.RELEASE/spring-jcl-5.2.4.RELEASE.jar:/home/ivo/.m2/repository/com/fasterxml/jackson/core/jackson-databind/2.10.2/jackson-databind-2.10.2.jar:/home/ivo/.m2/repository/com/fasterxml/jackson/core/jackson-annotations/2.10.2/jackson-annotations-2.10.2.jar:/home/ivo/.m2/repository/com/fasterxml/jackson/core/jackson-core/2.10.2/jackson-core-2.10.2.jar:/home/ivo/.m2/repository/junit/junit/4.11/junit-4.11.jar:/home/ivo/.m2/repository/org/hamcrest/hamcrest-core/1.3/hamcrest-core-1.3.jar:/home/ivo/.m2/repository/org/projectlombok/lombok/1.18.12/lombok-1.18.12.jar:"/>
    <property name="java.vm.vendor" value="Private Build"/>
    <property name="sun.arch.data.model" value="64"/>
    <property name="java.vendor.url" value="http://java.oracle.com/"/>
    <property name="user.timezone" value=""/>
    <property name="user.country.format" value="BR"/>
    <property name="java.vm.specification.version" value="1.8"/>
    <property name="os.name" value="Linux"/>
    <property name="user.country" value="US"/>
    <property name="sun.java.launcher" value="SUN_STANDARD"/>
    <property name="sun.boot.library.path" value="/usr/lib/jvm/java-8-openjdk-amd64/jre/lib/amd64"/>
    <property name="sun.java.command" value="/home/ivo/Documents/elasticsearch_UserDAO/target/surefire/surefirebooter8983841593321718482.jar /home/ivo/Documents/elasticsearch_UserDAO/target/surefire 2020-02-28T18-59-30_149-jvmRun1 surefire3933621513650047017tmp surefire_04647392527607675797tmp"/>
    <property name="surefire.test.class.path" value="/home/ivo/Documents/elasticsearch_UserDAO/target/test-classes:/home/ivo/Documents/elasticsearch_UserDAO/target/classes:/home/ivo/.m2/repository/org/springframework/spring-web/5.2.4.RELEASE/spring-web-5.2.4.RELEASE.jar:/home/ivo/.m2/repository/org/springframework/spring-beans/5.2.4.RELEASE/spring-beans-5.2.4.RELEASE.jar:/home/ivo/.m2/repository/org/springframework/spring-core/5.2.4.RELEASE/spring-core-5.2.4.RELEASE.jar:/home/ivo/.m2/repository/org/springframework/spring-jcl/5.2.4.RELEASE/spring-jcl-5.2.4.RELEASE.jar:/home/ivo/.m2/repository/com/fasterxml/jackson/core/jackson-databind/2.10.2/jackson-databind-2.10.2.jar:/home/ivo/.m2/repository/com/fasterxml/jackson/core/jackson-annotations/2.10.2/jackson-annotations-2.10.2.jar:/home/ivo/.m2/repository/com/fasterxml/jackson/core/jackson-core/2.10.2/jackson-core-2.10.2.jar:/home/ivo/.m2/repository/junit/junit/4.11/junit-4.11.jar:/home/ivo/.m2/repository/org/hamcrest/hamcrest-core/1.3/hamcrest-core-1.3.jar:/home/ivo/.m2/repository/org/projectlombok/lombok/1.18.12/lombok-1.18.12.jar:"/>
    <property name="sun.cpu.endian" value="little"/>
    <property name="user.home" value="/home/ivo"/>
    <property name="user.language" value="en"/>
    <property name="java.specification.vendor" value="Oracle Corporation"/>
    <property name="java.home" value="/usr/lib/jvm/java-8-openjdk-amd64/jre"/>
    <property name="basedir" value="/home/ivo/Documents/elasticsearch_UserDAO"/>
    <property name="file.separator" value="/"/>
    <property name="line.separator" value="&#10;"/>
    <property name="java.vm.specification.vendor" value="Oracle Corporation"/>
    <property name="java.specification.name" value="Java Platform API Specification"/>
    <property name="java.awt.graphicsenv" value="sun.awt.X11GraphicsEnvironment"/>
    <property name="surefire.real.class.path" value="/home/ivo/Documents/elasticsearch_UserDAO/target/surefire/surefirebooter8983841593321718482.jar"/>
    <property name="sun.boot.class.path" value="/usr/lib/jvm/java-8-openjdk-amd64/jre/lib/resources.jar:/usr/lib/jvm/java-8-openjdk-amd64/jre/lib/rt.jar:/usr/lib/jvm/java-8-openjdk-amd64/jre/lib/sunrsasign.jar:/usr/lib/jvm/java-8-openjdk-amd64/jre/lib/jsse.jar:/usr/lib/jvm/java-8-openjdk-amd64/jre/lib/jce.jar:/usr/lib/jvm/java-8-openjdk-amd64/jre/lib/charsets.jar:/usr/lib/jvm/java-8-openjdk-amd64/jre/lib/jfr.jar:/usr/lib/jvm/java-8-openjdk-amd64/jre/classes"/>
    <property name="sun.management.compiler" value="HotSpot 64-Bit Tiered Compilers"/>
    <property name="java.runtime.version" value="1.8.0_242-8u242-b08-0ubuntu3~18.04-b08"/>
    <property name="user.name" value="ivo"/>
    <property name="path.separator" value=":"/>
    <property name="os.version" value="5.3.0-40-generic"/>
    <property name="java.endorsed.dirs" value="/usr/lib/jvm/java-8-openjdk-amd64/jre/lib/endorsed"/>
    <property name="java.runtime.name" value="OpenJDK Runtime Environment"/>
    <property name="file.encoding" value="UTF-8"/>
    <property name="java.vm.name" value="OpenJDK 64-Bit Server VM"/>
    <property name="localRepository" value="/home/ivo/.m2/repository"/>
    <property name="java.vendor.url.bug" value="http://bugreport.sun.com/bugreport/"/>
    <property name="java.io.tmpdir" value="/tmp"/>
    <property name="java.version" value="1.8.0_242"/>
    <property name="user.dir" value="/home/ivo/Documents/elasticsearch_UserDAO"/>
    <property name="os.arch" value="amd64"/>
    <property name="java.vm.specification.name" value="Java Virtual Machine Specification"/>
    <property name="java.awt.printerjob" value="sun.print.PSPrinterJob"/>
    <property name="user.language.format" value="pt"/>
    <property name="sun.os.patch.level" value="unknown"/>
    <property name="java.library.path" value="/usr/java/packages/lib/amd64:/usr/lib/x86_64-linux-gnu/jni:/lib/x86_64-linux-gnu:/usr/lib/x86_64-linux-gnu:/usr/lib/jni:/lib:/usr/lib"/>
    <property name="java.vm.info" value="mixed mode"/>
    <property name="java.vendor" value="Private Build"/>
    <property name="java.vm.version" value="25.242-b08"/>
    <property name="java.ext.dirs" value="/usr/lib/jvm/java-8-openjdk-amd64/jre/lib/ext:/usr/java/packages/lib/ext"/>
    <property name="sun.io.unicode.encoding" value="UnicodeLittle"/>
    <property name="java.class.version" value="52.0"/>
  </properties>
  <testcase name="testSetPayloadWithValidObject" classname="br.com.looplex.dao.user.TestUserDaoImpl" time="0.353"/>
  <testcase name="testUpdateWithNullUser" classname="br.com.looplex.dao.user.TestUserDaoImpl" time="0.001"/>
  <testcase name="testGetUserWithNullString" classname="br.com.looplex.dao.user.TestUserDaoImpl" time="0.002"/>
  <testcase name="testFindAll" classname="br.com.looplex.dao.user.TestUserDaoImpl" time="0.798"/>
  <testcase name="testCreateWithExistingUser" classname="br.com.looplex.dao.user.TestUserDaoImpl" time="0.367"/>
  <testcase name="testGetUserWithInvalidString" classname="br.com.looplex.dao.user.TestUserDaoImpl" time="0.015"/>
  <testcase name="testFindByIdWithExistingId" classname="br.com.looplex.dao.user.TestUserDaoImpl" time="0.231"/>
  <testcase name="testDeleteWithNonExistingUser" classname="br.com.looplex.dao.user.TestUserDaoImpl" time="0.031"/>
  <testcase name="testSetPayloadWithEmptyObject" classname="br.com.looplex.dao.user.TestUserDaoImpl" time="0.003"/>
  <testcase name="testUpdateWithNonExistingUser" classname="br.com.looplex.dao.user.TestUserDaoImpl" time="0.227"/>
  <testcase name="testCreateWithNullUser" classname="br.com.looplex.dao.user.TestUserDaoImpl" time="0.003"/>
  <testcase name="testDeleteWithExistingUser" classname="br.com.looplex.dao.user.TestUserDaoImpl" time="0.119"/>
  <testcase name="testSetPayloadWithNullObject" classname="br.com.looplex.dao.user.TestUserDaoImpl" time="0.001"/>
  <testcase name="testUpdateWithExistingUser" classname="br.com.looplex.dao.user.TestUserDaoImpl" time="0.214"/>
  <testcase name="testCreateWithNewUser" classname="br.com.looplex.dao.user.TestUserDaoImpl" time="0.103"/>
  <testcase name="testGetHeaders" classname="br.com.looplex.dao.user.TestUserDaoImpl" time="0.002"/>
  <testcase name="testGetUserWithValidString" classname="br.com.looplex.dao.user.TestUserDaoImpl" time="0.003"/>
  <testcase name="testFindByIdWithNullId" classname="br.com.looplex.dao.user.TestUserDaoImpl" time="0.004"/>
  <testcase name="testFindByIdWithNonExistingId" classname="br.com.looplex.dao.user.TestUserDaoImpl" time="0.003"/>
  <testcase name="testDeleteWithNullUser" classname="br.com.looplex.dao.user.TestUserDaoImpl" time="0.002"/>
</testsuite>